This file contains any messages produced by compilers while
running configure, to aid debugging if configure makes a mistake.

It was created by CoinUtils configure 2.5.0, which was
generated by GNU Autoconf 2.59.  Invocation command line was

  $ ./configure --prefix=/Users/dustin/Documents/Projects/sequence-mining/pboost-1.0/external/Osi-0.100.0 --cache-file=/dev/null --srcdir=.

## --------- ##
## Platform. ##
## --------- ##

hostname = Turing-2.local
uname -m = i386
uname -r = 9.8.0
uname -s = Darwin
uname -v = Darwin Kernel Version 9.8.0: Wed Jul 15 16:55:01 PDT 2009; root:xnu-1228.15.4~1/RELEASE_I386

/usr/bin/uname -p = i386
/bin/uname -X     = unknown

/bin/arch              = unknown
/usr/bin/arch -k       = unknown
/usr/convex/getsysinfo = unknown
hostinfo               = Mach kernel version:
	 Darwin Kernel Version 9.8.0: Wed Jul 15 16:55:01 PDT 2009; root:xnu-1228.15.4~1/RELEASE_I386
Kernel configured for up to 2 processors.
2 processors are physically available.
2 processors are logically available.
Processor type: i486 (Intel 80486)
Processors active: 0 1
Primary memory available: 2.00 gigabytes
Default processor set: 82 tasks, 328 threads, 2 processors
Load average: 1.30, Mach factor: 0.69
/bin/machine           = unknown
/usr/bin/oslevel       = unknown
/bin/universe          = unknown

PATH: /opt/local/Library/Frameworks/Python.framework/Versions/2.6/bin/
PATH: /opt/local/bin
PATH: /opt/local/sbin
PATH: /opt/local/bin
PATH: /Users/dustin/.cabal/bin
PATH: /opt/local/sbin
PATH: /Applications/MATLAB_R2008a/bin
PATH: /opt/local/Library/Frameworks/Python.framework/Versions/2.6/bin/
PATH: /opt/local/lib/mysql5/bin
PATH: /opt/local/bin
PATH: /Users/dustin/MonetDb/etc
PATH: /Users/dustin/MonetDb/include
PATH: /Users/dustin/MonetDb/share
PATH: /Users/dustin/Monetdb/var
PATH: /Users/dustin/MonetDb/lib
PATH: /Users/dustin/MonetDb/bin
PATH: /opt/local/sbin
PATH: /usr/local/android-sdk-mac_x86-1.5_r1
PATH: /opt/local/bin
PATH: /Users/dustin/.cabal/bin
PATH: /opt/local/sbin
PATH: /Library/Frameworks/Python.framework/Versions/Current/bin
PATH: /opt/local/Library/Frameworks/Python.framework/Versions/2.6/bin/
PATH: /opt/local/bin
PATH: /opt/local/sbin
PATH: /opt/local/bin
PATH: /Users/dustin/.cabal/bin
PATH: /opt/local/sbin
PATH: /Applications/MATLAB_R2008a/bin
PATH: /opt/local/Library/Frameworks/Python.framework/Versions/2.6/bin/
PATH: /opt/local/lib/mysql5/bin
PATH: /opt/local/bin
PATH: /Users/dustin/MonetDb/etc
PATH: /Users/dustin/MonetDb/include
PATH: /Users/dustin/MonetDb/share
PATH: /Users/dustin/Monetdb/var
PATH: /Users/dustin/MonetDb/lib
PATH: /Users/dustin/MonetDb/bin
PATH: /opt/local/sbin
PATH: /usr/local/android-sdk-mac_x86-1.5_r1
PATH: /opt/local/bin
PATH: /Users/dustin/.cabal/bin
PATH: /opt/local/sbin
PATH: /Library/Frameworks/Python.framework/Versions/Current/bin
PATH: /opt/local/Library/Frameworks/Python.framework/Versions/2.6/bin/
PATH: /opt/local/bin
PATH: /opt/local/sbin
PATH: /opt/local/bin
PATH: /Users/dustin/.cabal/bin
PATH: /opt/local/sbin
PATH: /usr/bin
PATH: /bin
PATH: /usr/sbin
PATH: /sbin
PATH: /usr/local/bin
PATH: /usr/texbin
PATH: /usr/X11/bin


## ----------- ##
## Core tests. ##
## ----------- ##

configure:1684: checking build system type
configure:1702: result: i386-apple-darwin9.8.0
configure:1743: checking whether we want to compile in debug mode
configure:1790: result: no
configure:2052: checking for xlc_r
configure:2081: result: no
configure:2052: checking for xlc
configure:2081: result: no
configure:2052: checking for cc
configure:2068: found /usr/bin/cc
configure:2078: result: cc
configure:2099: checking for C compiler version
configure:2102: cc --version </dev/null >&5
i686-apple-darwin9-gcc-4.0.1 (GCC) 4.0.1 (Apple Inc. build 5490)
Copyright (C) 2005 Free Software Foundation, Inc.
This is free software; see the source for copying conditions.  There is NO
warranty; not even for MERCHANTABILITY or FITNESS FOR A PARTICULAR PURPOSE.

configure:2105: $? = 0
configure:2107: cc -v </dev/null >&5
Using built-in specs.
Target: i686-apple-darwin9
Configured with: /var/tmp/gcc/gcc-5490~1/src/configure --disable-checking -enable-werror --prefix=/usr --mandir=/share/man --enable-languages=c,objc,c++,obj-c++ --program-transform-name=/^[cg][^.-]*$/s/$/-4.0/ --with-gxx-include-dir=/include/c++/4.0.0 --with-slibdir=/usr/lib --build=i686-apple-darwin9 --with-arch=apple --with-tune=generic --host=i686-apple-darwin9 --target=i686-apple-darwin9
Thread model: posix
gcc version 4.0.1 (Apple Inc. build 5490)
configure:2110: $? = 0
configure:2112: cc -V </dev/null >&5
gcc-4.0: argument to `-V' is missing
configure:2115: $? = 1
configure:2138: checking for C compiler default output file name
configure:2141: cc    conftest.c  >&5
configure:2144: $? = 0
configure:2190: result: a.out
configure:2195: checking whether the C compiler works
configure:2201: ./a.out
configure:2204: $? = 0
configure:2221: result: yes
configure:2228: checking whether we are cross compiling
configure:2230: result: no
configure:2233: checking for suffix of executables
configure:2235: cc -o conftest    conftest.c  >&5
configure:2238: $? = 0
configure:2263: result: 
configure:2269: checking for suffix of object files
configure:2290: cc -c   conftest.c >&5
configure:2293: $? = 0
configure:2315: result: o
configure:2319: checking whether we are using the GNU C compiler
configure:2343: cc -c   conftest.c >&5
configure:2349: $? = 0
configure:2353: test -z 
			 || test ! -s conftest.err
configure:2356: $? = 0
configure:2359: test -s conftest.o
configure:2362: $? = 0
configure:2375: result: yes
configure:2381: checking whether cc accepts -g
configure:2402: cc -c -g  conftest.c >&5
configure:2408: $? = 0
configure:2412: test -z 
			 || test ! -s conftest.err
configure:2415: $? = 0
configure:2418: test -s conftest.o
configure:2421: $? = 0
configure:2432: result: yes
configure:2449: checking for cc option to accept ANSI C
configure:2519: cc  -c -g -O2  conftest.c >&5
configure:2525: $? = 0
configure:2529: test -z 
			 || test ! -s conftest.err
configure:2532: $? = 0
configure:2535: test -s conftest.o
configure:2538: $? = 0
configure:2556: result: none needed
configure:2574: cc -c -g -O2  conftest.c >&5
conftest.c:2: error: syntax error before 'me'
configure:2580: $? = 1
configure: failed program was:
| #ifndef __cplusplus
|   choke me
| #endif
configure:3035: cc -o conftest -O3 -fomit-frame-pointer -pipe -DNDEBUG -Wimplicit -Wparentheses -Wsequence-point -Wreturn-type -Wcast-qual -Wall -Wno-unknown-pragmas     conftest.c  >&5
configure:3041: $? = 0
configure:3045: test -z 
			 || test ! -s conftest.err
configure:3048: $? = 0
configure:3051: test -s conftest
configure:3054: $? = 0
configure:3121: C compiler options are: -O3 -fomit-frame-pointer -pipe -DNDEBUG -Wimplicit -Wparentheses -Wsequence-point -Wreturn-type -Wcast-qual -Wall -Wno-unknown-pragmas  
configure:3248: checking for g++
configure:3264: found /usr/bin/g++
configure:3274: result: g++
configure:3290: checking for C++ compiler version
configure:3293: g++ --version </dev/null >&5
i686-apple-darwin9-g++-4.0.1 (GCC) 4.0.1 (Apple Inc. build 5490)
Copyright (C) 2005 Free Software Foundation, Inc.
This is free software; see the source for copying conditions.  There is NO
warranty; not even for MERCHANTABILITY or FITNESS FOR A PARTICULAR PURPOSE.

configure:3296: $? = 0
configure:3298: g++ -v </dev/null >&5
Using built-in specs.
Target: i686-apple-darwin9
Configured with: /var/tmp/gcc/gcc-5490~1/src/configure --disable-checking -enable-werror --prefix=/usr --mandir=/share/man --enable-languages=c,objc,c++,obj-c++ --program-transform-name=/^[cg][^.-]*$/s/$/-4.0/ --with-gxx-include-dir=/include/c++/4.0.0 --with-slibdir=/usr/lib --build=i686-apple-darwin9 --with-arch=apple --with-tune=generic --host=i686-apple-darwin9 --target=i686-apple-darwin9
Thread model: posix
gcc version 4.0.1 (Apple Inc. build 5490)
configure:3301: $? = 0
configure:3303: g++ -V </dev/null >&5
g++-4.0: argument to `-V' is missing
configure:3306: $? = 1
configure:3309: checking whether we are using the GNU C++ compiler
configure:3333: g++ -c   conftest.cc >&5
configure:3339: $? = 0
configure:3343: test -z 
			 || test ! -s conftest.err
configure:3346: $? = 0
configure:3349: test -s conftest.o
configure:3352: $? = 0
configure:3365: result: yes
configure:3371: checking whether g++ accepts -g
configure:3392: g++ -c -g  conftest.cc >&5
configure:3398: $? = 0
configure:3402: test -z 
			 || test ! -s conftest.err
configure:3405: $? = 0
configure:3408: test -s conftest.o
configure:3411: $? = 0
configure:3422: result: yes
configure:3464: g++ -c -g -O2  conftest.cc >&5
configure:3470: $? = 0
configure:3474: test -z 
			 || test ! -s conftest.err
configure:3477: $? = 0
configure:3480: test -s conftest.o
configure:3483: $? = 0
configure:3509: g++ -c -g -O2  conftest.cc >&5
conftest.cc: In function 'int main()':
conftest.cc:15: error: 'exit' was not declared in this scope
configure:3515: $? = 1
configure: failed program was:
| /* confdefs.h.  */
| 
| #define PACKAGE_NAME "CoinUtils"
| #define PACKAGE_TARNAME "coinutils"
| #define PACKAGE_VERSION "2.5.0"
| #define PACKAGE_STRING "CoinUtils 2.5.0"
| #define PACKAGE_BUGREPORT "http://projects.coin-or.org/CoinUtils"
| #define COIN_COINUTILS_VERBOSITY 0
| #define COIN_COINUTILS_CHECKLEVEL 0
| /* end confdefs.h.  */
| 
| int
| main ()
| {
| exit (42);
|   ;
|   return 0;
| }
configure:3464: g++ -c -g -O2  conftest.cc >&5
/usr/include/stdlib.h:159: error: declaration of 'void std::exit(int)' throws different exceptions
conftest.cc:11: error: than previous declaration 'void std::exit(int) throw ()'
configure:3470: $? = 1
configure: failed program was:
| /* confdefs.h.  */
| 
| #define PACKAGE_NAME "CoinUtils"
| #define PACKAGE_TARNAME "coinutils"
| #define PACKAGE_VERSION "2.5.0"
| #define PACKAGE_STRING "CoinUtils 2.5.0"
| #define PACKAGE_BUGREPORT "http://projects.coin-or.org/CoinUtils"
| #define COIN_COINUTILS_VERBOSITY 0
| #define COIN_COINUTILS_CHECKLEVEL 0
| /* end confdefs.h.  */
| extern "C" void std::exit (int) throw (); using std::exit;
| #include <stdlib.h>
| int
| main ()
| {
| exit (42);
|   ;
|   return 0;
| }
configure:3464: g++ -c -g -O2  conftest.cc >&5
configure:3470: $? = 0
configure:3474: test -z 
			 || test ! -s conftest.err
configure:3477: $? = 0
configure:3480: test -s conftest.o
configure:3483: $? = 0
configure:3509: g++ -c -g -O2  conftest.cc >&5
configure:3515: $? = 0
configure:3519: test -z 
			 || test ! -s conftest.err
configure:3522: $? = 0
configure:3525: test -s conftest.o
configure:3528: $? = 0
configure:3560: checking whether C++ compiler g++ works
configure:3578: g++ -c -g -O2  conftest.cc >&5
configure:3584: $? = 0
configure:3588: test -z 
			 || test ! -s conftest.err
configure:3591: $? = 0
configure:3594: test -s conftest.o
configure:3597: $? = 0
configure:3599: result: yes
configure:3959: g++ -o conftest -O3 -fomit-frame-pointer -pipe -DNDEBUG -Wimplicit -Wparentheses -Wreturn-type -Wcast-qual -Wall -Wpointer-arith -Wwrite-strings -Wconversion -Wno-unknown-pragmas     conftest.cc  >&5
configure:3965: $? = 0
configure:3969: test -z 
			 || test ! -s conftest.err
configure:3972: $? = 0
configure:3975: test -s conftest
configure:3978: $? = 0
configure:4045: C++ compiler options are: -O3 -fomit-frame-pointer -pipe -DNDEBUG -Wimplicit -Wparentheses -Wreturn-type -Wcast-qual -Wall -Wpointer-arith -Wwrite-strings -Wconversion -Wno-unknown-pragmas  
configure:4100: Trying to determine Fortran compiler name
configure:4106: checking for xlf_r
configure:4135: result: no
configure:4106: checking for fort77
configure:4135: result: no
configure:4106: checking for gfortran
configure:4135: result: no
configure:4106: checking for f77
configure:4135: result: no
configure:4106: checking for g77
configure:4135: result: no
configure:4106: checking for pgf90
configure:4135: result: no
configure:4106: checking for pgf77
configure:4135: result: no
configure:4106: checking for ifort
configure:4135: result: no
configure:4106: checking for ifc
configure:4135: result: no
configure:4106: checking for frt
configure:4135: result: no
configure:4106: checking for af77
configure:4135: result: no
configure:5781: checking for egrep
configure:5791: result: grep -E
configure:5810: checking for a BSD-compatible install
configure:5865: result: /usr/bin/install -c
configure:5876: checking whether build environment is sane
configure:5919: result: yes
configure:5984: checking for gawk
configure:6000: found /opt/local/bin/gawk
configure:6010: result: gawk
configure:6020: checking whether make sets $(MAKE)
configure:6040: result: yes
configure:6070: checking for style of include used by make
configure:6098: result: GNU
configure:6278: checking dependency style of cc
configure:6368: result: gcc3
configure:6387: checking dependency style of g++
configure:6477: result: gcc3
configure:6495: checking whether to enable maintainer-specific portions of Makefiles
configure:6504: result: no
configure:21886: Using libtool script in directory ..
configure:21981: checking cmath usability
configure:21993: g++ -c -O3 -fomit-frame-pointer -pipe -DNDEBUG -Wimplicit -Wparentheses -Wreturn-type -Wcast-qual -Wall -Wpointer-arith -Wwrite-strings -Wconversion -Wno-unknown-pragmas    conftest.cc >&5
configure:21999: $? = 0
configure:22003: test -z 
			 || test ! -s conftest.err
configure:22006: $? = 0
configure:22009: test -s conftest.o
configure:22012: $? = 0
configure:22022: result: yes
configure:22026: checking cmath presence
configure:22036: g++ -E  conftest.cc
configure:22042: $? = 0
configure:22062: result: yes
configure:22097: checking for cmath
configure:22104: result: yes
configure:22310: checking cfloat usability
configure:22322: g++ -c -O3 -fomit-frame-pointer -pipe -DNDEBUG -Wimplicit -Wparentheses -Wreturn-type -Wcast-qual -Wall -Wpointer-arith -Wwrite-strings -Wconversion -Wno-unknown-pragmas    conftest.cc >&5
configure:22328: $? = 0
configure:22332: test -z 
			 || test ! -s conftest.err
configure:22335: $? = 0
configure:22338: test -s conftest.o
configure:22341: $? = 0
configure:22351: result: yes
configure:22355: checking cfloat presence
configure:22365: g++ -E  conftest.cc
configure:22371: $? = 0
configure:22391: result: yes
configure:22426: checking for cfloat
configure:22433: result: yes
configure:22639: checking cieeefp usability
configure:22651: g++ -c -O3 -fomit-frame-pointer -pipe -DNDEBUG -Wimplicit -Wparentheses -Wreturn-type -Wcast-qual -Wall -Wpointer-arith -Wwrite-strings -Wconversion -Wno-unknown-pragmas    conftest.cc >&5
conftest.cc:63:19: error: cieeefp: No such file or directory
configure:22657: $? = 1
configure: failed program was:
| /* confdefs.h.  */
| 
| #define PACKAGE_NAME "CoinUtils"
| #define PACKAGE_TARNAME "coinutils"
| #define PACKAGE_VERSION "2.5.0"
| #define PACKAGE_STRING "CoinUtils 2.5.0"
| #define PACKAGE_BUGREPORT "http://projects.coin-or.org/CoinUtils"
| #define COIN_COINUTILS_VERBOSITY 0
| #define COIN_COINUTILS_CHECKLEVEL 0
| #ifdef __cplusplus
| extern "C" void std::exit (int); using std::exit;
| #endif
| #define PACKAGE "coinutils"
| #define VERSION "2.5.0"
| #define STDC_HEADERS 1
| #define HAVE_SYS_TYPES_H 1
| #define HAVE_SYS_STAT_H 1
| #define HAVE_STDLIB_H 1
| #define HAVE_STRING_H 1
| #define HAVE_MEMORY_H 1
| #define HAVE_STRINGS_H 1
| #define HAVE_INTTYPES_H 1
| #define HAVE_STDINT_H 1
| #define HAVE_UNISTD_H 1
| #define HAVE_DLFCN_H 1
| #define HAVE_CMATH 1
| #define HAVE_CFLOAT 1
| /* end confdefs.h.  */
| #include <stdio.h>
| #if HAVE_SYS_TYPES_H
| # include <sys/types.h>
| #endif
| #if HAVE_SYS_STAT_H
| # include <sys/stat.h>
| #endif
| #if STDC_HEADERS
| # include <stdlib.h>
| # include <stddef.h>
| #else
| # if HAVE_STDLIB_H
| #  include <stdlib.h>
| # endif
| #endif
| #if HAVE_STRING_H
| # if !STDC_HEADERS && HAVE_MEMORY_H
| #  include <memory.h>
| # endif
| # include <string.h>
| #endif
| #if HAVE_STRINGS_H
| # include <strings.h>
| #endif
| #if HAVE_INTTYPES_H
| # include <inttypes.h>
| #else
| # if HAVE_STDINT_H
| #  include <stdint.h>
| # endif
| #endif
| #if HAVE_UNISTD_H
| # include <unistd.h>
| #endif
| #include <cieeefp>
configure:22680: result: no
configure:22684: checking cieeefp presence
configure:22694: g++ -E  conftest.cc
conftest.cc:29:19: error: cieeefp: No such file or directory
configure:22700: $? = 1
configure: failed program was:
| /* confdefs.h.  */
| 
| #define PACKAGE_NAME "CoinUtils"
| #define PACKAGE_TARNAME "coinutils"
| #define PACKAGE_VERSION "2.5.0"
| #define PACKAGE_STRING "CoinUtils 2.5.0"
| #define PACKAGE_BUGREPORT "http://projects.coin-or.org/CoinUtils"
| #define COIN_COINUTILS_VERBOSITY 0
| #define COIN_COINUTILS_CHECKLEVEL 0
| #ifdef __cplusplus
| extern "C" void std::exit (int); using std::exit;
| #endif
| #define PACKAGE "coinutils"
| #define VERSION "2.5.0"
| #define STDC_HEADERS 1
| #define HAVE_SYS_TYPES_H 1
| #define HAVE_SYS_STAT_H 1
| #define HAVE_STDLIB_H 1
| #define HAVE_STRING_H 1
| #define HAVE_MEMORY_H 1
| #define HAVE_STRINGS_H 1
| #define HAVE_INTTYPES_H 1
| #define HAVE_STDINT_H 1
| #define HAVE_UNISTD_H 1
| #define HAVE_DLFCN_H 1
| #define HAVE_CMATH 1
| #define HAVE_CFLOAT 1
| /* end confdefs.h.  */
| #include <cieeefp>
configure:22720: result: no
configure:22755: checking for cieeefp
configure:22762: result: no
configure:22797: checking ieeefp.h usability
configure:22809: g++ -c -O3 -fomit-frame-pointer -pipe -DNDEBUG -Wimplicit -Wparentheses -Wreturn-type -Wcast-qual -Wall -Wpointer-arith -Wwrite-strings -Wconversion -Wno-unknown-pragmas    conftest.cc >&5
conftest.cc:63:20: error: ieeefp.h: No such file or directory
configure:22815: $? = 1
configure: failed program was:
| /* confdefs.h.  */
| 
| #define PACKAGE_NAME "CoinUtils"
| #define PACKAGE_TARNAME "coinutils"
| #define PACKAGE_VERSION "2.5.0"
| #define PACKAGE_STRING "CoinUtils 2.5.0"
| #define PACKAGE_BUGREPORT "http://projects.coin-or.org/CoinUtils"
| #define COIN_COINUTILS_VERBOSITY 0
| #define COIN_COINUTILS_CHECKLEVEL 0
| #ifdef __cplusplus
| extern "C" void std::exit (int); using std::exit;
| #endif
| #define PACKAGE "coinutils"
| #define VERSION "2.5.0"
| #define STDC_HEADERS 1
| #define HAVE_SYS_TYPES_H 1
| #define HAVE_SYS_STAT_H 1
| #define HAVE_STDLIB_H 1
| #define HAVE_STRING_H 1
| #define HAVE_MEMORY_H 1
| #define HAVE_STRINGS_H 1
| #define HAVE_INTTYPES_H 1
| #define HAVE_STDINT_H 1
| #define HAVE_UNISTD_H 1
| #define HAVE_DLFCN_H 1
| #define HAVE_CMATH 1
| #define HAVE_CFLOAT 1
| /* end confdefs.h.  */
| #include <stdio.h>
| #if HAVE_SYS_TYPES_H
| # include <sys/types.h>
| #endif
| #if HAVE_SYS_STAT_H
| # include <sys/stat.h>
| #endif
| #if STDC_HEADERS
| # include <stdlib.h>
| # include <stddef.h>
| #else
| # if HAVE_STDLIB_H
| #  include <stdlib.h>
| # endif
| #endif
| #if HAVE_STRING_H
| # if !STDC_HEADERS && HAVE_MEMORY_H
| #  include <memory.h>
| # endif
| # include <string.h>
| #endif
| #if HAVE_STRINGS_H
| # include <strings.h>
| #endif
| #if HAVE_INTTYPES_H
| # include <inttypes.h>
| #else
| # if HAVE_STDINT_H
| #  include <stdint.h>
| # endif
| #endif
| #if HAVE_UNISTD_H
| # include <unistd.h>
| #endif
| #include <ieeefp.h>
configure:22838: result: no
configure:22842: checking ieeefp.h presence
configure:22852: g++ -E  conftest.cc
conftest.cc:29:20: error: ieeefp.h: No such file or directory
configure:22858: $? = 1
configure: failed program was:
| /* confdefs.h.  */
| 
| #define PACKAGE_NAME "CoinUtils"
| #define PACKAGE_TARNAME "coinutils"
| #define PACKAGE_VERSION "2.5.0"
| #define PACKAGE_STRING "CoinUtils 2.5.0"
| #define PACKAGE_BUGREPORT "http://projects.coin-or.org/CoinUtils"
| #define COIN_COINUTILS_VERBOSITY 0
| #define COIN_COINUTILS_CHECKLEVEL 0
| #ifdef __cplusplus
| extern "C" void std::exit (int); using std::exit;
| #endif
| #define PACKAGE "coinutils"
| #define VERSION "2.5.0"
| #define STDC_HEADERS 1
| #define HAVE_SYS_TYPES_H 1
| #define HAVE_SYS_STAT_H 1
| #define HAVE_STDLIB_H 1
| #define HAVE_STRING_H 1
| #define HAVE_MEMORY_H 1
| #define HAVE_STRINGS_H 1
| #define HAVE_INTTYPES_H 1
| #define HAVE_STDINT_H 1
| #define HAVE_UNISTD_H 1
| #define HAVE_DLFCN_H 1
| #define HAVE_CMATH 1
| #define HAVE_CFLOAT 1
| /* end confdefs.h.  */
| #include <ieeefp.h>
configure:22878: result: no
configure:22913: checking for ieeefp.h
configure:22920: result: no
configure:22968: checking cassert usability
configure:22980: g++ -c -O3 -fomit-frame-pointer -pipe -DNDEBUG -Wimplicit -Wparentheses -Wreturn-type -Wcast-qual -Wall -Wpointer-arith -Wwrite-strings -Wconversion -Wno-unknown-pragmas    conftest.cc >&5
configure:22986: $? = 0
configure:22990: test -z 
			 || test ! -s conftest.err
configure:22993: $? = 0
configure:22996: test -s conftest.o
configure:22999: $? = 0
configure:23009: result: yes
configure:23013: checking cassert presence
configure:23023: g++ -E  conftest.cc
configure:23029: $? = 0
configure:23049: result: yes
configure:23084: checking for cassert
configure:23091: result: yes
configure:23276: checking whether finite is declared
configure:23330: g++ -c -O3 -fomit-frame-pointer -pipe -DNDEBUG -Wimplicit -Wparentheses -Wreturn-type -Wcast-qual -Wall -Wpointer-arith -Wwrite-strings -Wconversion -Wno-unknown-pragmas    conftest.cc >&5
conftest.cc: In function 'int main()':
conftest.cc:65: warning: unused variable 'p'
configure:23336: $? = 0
configure:23340: test -z 
			 || test ! -s conftest.err
configure:23343: $? = 0
configure:23346: test -s conftest.o
configure:23349: $? = 0
configure:23360: result: yes
configure:23565: checking whether isnan is declared
configure:23619: g++ -c -O3 -fomit-frame-pointer -pipe -DNDEBUG -Wimplicit -Wparentheses -Wreturn-type -Wcast-qual -Wall -Wpointer-arith -Wwrite-strings -Wconversion -Wno-unknown-pragmas    conftest.cc >&5
conftest.cc: In function 'int main()':
conftest.cc:66: error: 'isnan' was not declared in this scope
conftest.cc:66: warning: unused variable 'p'
configure:23625: $? = 1
configure: failed program was:
| /* confdefs.h.  */
| 
| #define PACKAGE_NAME "CoinUtils"
| #define PACKAGE_TARNAME "coinutils"
| #define PACKAGE_VERSION "2.5.0"
| #define PACKAGE_STRING "CoinUtils 2.5.0"
| #define PACKAGE_BUGREPORT "http://projects.coin-or.org/CoinUtils"
| #define COIN_COINUTILS_VERBOSITY 0
| #define COIN_COINUTILS_CHECKLEVEL 0
| #ifdef __cplusplus
| extern "C" void std::exit (int); using std::exit;
| #endif
| #define PACKAGE "coinutils"
| #define VERSION "2.5.0"
| #define STDC_HEADERS 1
| #define HAVE_SYS_TYPES_H 1
| #define HAVE_SYS_STAT_H 1
| #define HAVE_STDLIB_H 1
| #define HAVE_STRING_H 1
| #define HAVE_MEMORY_H 1
| #define HAVE_STRINGS_H 1
| #define HAVE_INTTYPES_H 1
| #define HAVE_STDINT_H 1
| #define HAVE_UNISTD_H 1
| #define HAVE_DLFCN_H 1
| #define HAVE_CMATH 1
| #define HAVE_CFLOAT 1
| #define HAVE_CASSERT 1
| #define MY_C_FINITE finite
| /* end confdefs.h.  */
| 
| #ifdef HAVE_CMATH
| # include <cmath>
| #else
| # ifdef HAVE_MATH_H
| #  include <math.h>
| # endif
| #endif
| #ifdef HAVE_CFLOAT
| # include <cfloat>
| #else
| # ifdef HAVE_FLOAT_H
| #  include <float.h>
| # endif
| #endif
| #ifdef HAVE_CIEEEFP
| # include <cieeefp>
| #else
| # ifdef HAVE_IEEEFP_H
| #  include <ieeefp.h>
| # endif
| #endif
| 
| #ifdef F77_DUMMY_MAIN
| 
| #  ifdef __cplusplus
|      extern "C"
| #  endif
|    int F77_DUMMY_MAIN() { return 1; }
| 
| #endif
| int
| main ()
| {
| #ifndef isnan
|   char *p = (char *) isnan;
| #endif
| 
|   ;
|   return 0;
| }
configure:23649: result: no
configure:23661: checking whether std::isnan(42.42) is declared
configure:23715: g++ -c -O3 -fomit-frame-pointer -pipe -DNDEBUG -Wimplicit -Wparentheses -Wreturn-type -Wcast-qual -Wall -Wpointer-arith -Wwrite-strings -Wconversion -Wno-unknown-pragmas    conftest.cc >&5
conftest.cc: In function 'int main()':
conftest.cc:66: warning: unused variable 'p'
configure:23721: $? = 0
configure:23725: test -z 
			 || test ! -s conftest.err
configure:23728: $? = 0
configure:23731: test -s conftest.o
configure:23734: $? = 0
configure:23745: result: yes
configure:24208: checking cinttypes usability
configure:24220: g++ -c -O3 -fomit-frame-pointer -pipe -DNDEBUG -Wimplicit -Wparentheses -Wreturn-type -Wcast-qual -Wall -Wpointer-arith -Wwrite-strings -Wconversion -Wno-unknown-pragmas    conftest.cc >&5
conftest.cc:67:21: error: cinttypes: No such file or directory
configure:24226: $? = 1
configure: failed program was:
| /* confdefs.h.  */
| 
| #define PACKAGE_NAME "CoinUtils"
| #define PACKAGE_TARNAME "coinutils"
| #define PACKAGE_VERSION "2.5.0"
| #define PACKAGE_STRING "CoinUtils 2.5.0"
| #define PACKAGE_BUGREPORT "http://projects.coin-or.org/CoinUtils"
| #define COIN_COINUTILS_VERBOSITY 0
| #define COIN_COINUTILS_CHECKLEVEL 0
| #ifdef __cplusplus
| extern "C" void std::exit (int); using std::exit;
| #endif
| #define PACKAGE "coinutils"
| #define VERSION "2.5.0"
| #define STDC_HEADERS 1
| #define HAVE_SYS_TYPES_H 1
| #define HAVE_SYS_STAT_H 1
| #define HAVE_STDLIB_H 1
| #define HAVE_STRING_H 1
| #define HAVE_MEMORY_H 1
| #define HAVE_STRINGS_H 1
| #define HAVE_INTTYPES_H 1
| #define HAVE_STDINT_H 1
| #define HAVE_UNISTD_H 1
| #define HAVE_DLFCN_H 1
| #define HAVE_CMATH 1
| #define HAVE_CFLOAT 1
| #define HAVE_CASSERT 1
| #define MY_C_FINITE finite
| #define MY_C_ISNAN std::isnan
| #define COINUTILS_MEMPOOL_MAXPOOLED -1
| /* end confdefs.h.  */
| #include <stdio.h>
| #if HAVE_SYS_TYPES_H
| # include <sys/types.h>
| #endif
| #if HAVE_SYS_STAT_H
| # include <sys/stat.h>
| #endif
| #if STDC_HEADERS
| # include <stdlib.h>
| # include <stddef.h>
| #else
| # if HAVE_STDLIB_H
| #  include <stdlib.h>
| # endif
| #endif
| #if HAVE_STRING_H
| # if !STDC_HEADERS && HAVE_MEMORY_H
| #  include <memory.h>
| # endif
| # include <string.h>
| #endif
| #if HAVE_STRINGS_H
| # include <strings.h>
| #endif
| #if HAVE_INTTYPES_H
| # include <inttypes.h>
| #else
| # if HAVE_STDINT_H
| #  include <stdint.h>
| # endif
| #endif
| #if HAVE_UNISTD_H
| # include <unistd.h>
| #endif
| #include <cinttypes>
configure:24249: result: no
configure:24253: checking cinttypes presence
configure:24263: g++ -E  conftest.cc
conftest.cc:33:21: error: cinttypes: No such file or directory
configure:24269: $? = 1
configure: failed program was:
| /* confdefs.h.  */
| 
| #define PACKAGE_NAME "CoinUtils"
| #define PACKAGE_TARNAME "coinutils"
| #define PACKAGE_VERSION "2.5.0"
| #define PACKAGE_STRING "CoinUtils 2.5.0"
| #define PACKAGE_BUGREPORT "http://projects.coin-or.org/CoinUtils"
| #define COIN_COINUTILS_VERBOSITY 0
| #define COIN_COINUTILS_CHECKLEVEL 0
| #ifdef __cplusplus
| extern "C" void std::exit (int); using std::exit;
| #endif
| #define PACKAGE "coinutils"
| #define VERSION "2.5.0"
| #define STDC_HEADERS 1
| #define HAVE_SYS_TYPES_H 1
| #define HAVE_SYS_STAT_H 1
| #define HAVE_STDLIB_H 1
| #define HAVE_STRING_H 1
| #define HAVE_MEMORY_H 1
| #define HAVE_STRINGS_H 1
| #define HAVE_INTTYPES_H 1
| #define HAVE_STDINT_H 1
| #define HAVE_UNISTD_H 1
| #define HAVE_DLFCN_H 1
| #define HAVE_CMATH 1
| #define HAVE_CFLOAT 1
| #define HAVE_CASSERT 1
| #define MY_C_FINITE finite
| #define MY_C_ISNAN std::isnan
| #define COINUTILS_MEMPOOL_MAXPOOLED -1
| /* end confdefs.h.  */
| #include <cinttypes>
configure:24289: result: no
configure:24324: checking for cinttypes
configure:24331: result: no
configure:24366: checking inttypes.h usability
configure:24378: g++ -c -O3 -fomit-frame-pointer -pipe -DNDEBUG -Wimplicit -Wparentheses -Wreturn-type -Wcast-qual -Wall -Wpointer-arith -Wwrite-strings -Wconversion -Wno-unknown-pragmas    conftest.cc >&5
configure:24384: $? = 0
configure:24388: test -z 
			 || test ! -s conftest.err
configure:24391: $? = 0
configure:24394: test -s conftest.o
configure:24397: $? = 0
configure:24407: result: yes
configure:24411: checking inttypes.h presence
configure:24421: g++ -E  conftest.cc
configure:24427: $? = 0
configure:24447: result: yes
configure:24482: checking for inttypes.h
configure:24489: result: yes
configure:24520: checking for int64_t
configure:24561: g++ -c -O3 -fomit-frame-pointer -pipe -DNDEBUG -Wimplicit -Wparentheses -Wreturn-type -Wcast-qual -Wall -Wpointer-arith -Wwrite-strings -Wconversion -Wno-unknown-pragmas    conftest.cc >&5
configure:24567: $? = 0
configure:24571: test -z 
			 || test ! -s conftest.err
configure:24574: $? = 0
configure:24577: test -s conftest.o
configure:24580: $? = 0
configure:24591: result: yes
configure:26071: checking for intptr_t
configure:26112: g++ -c -O3 -fomit-frame-pointer -pipe -DNDEBUG -Wimplicit -Wparentheses -Wreturn-type -Wcast-qual -Wall -Wpointer-arith -Wwrite-strings -Wconversion -Wno-unknown-pragmas    conftest.cc >&5
configure:26118: $? = 0
configure:26122: test -z 
			 || test ! -s conftest.err
configure:26125: $? = 0
configure:26128: test -s conftest.o
configure:26131: $? = 0
configure:26142: result: yes
configure:28090: checking windows.h usability
configure:28102: g++ -c -O3 -fomit-frame-pointer -pipe -DNDEBUG -Wimplicit -Wparentheses -Wreturn-type -Wcast-qual -Wall -Wpointer-arith -Wwrite-strings -Wconversion -Wno-unknown-pragmas    conftest.cc >&5
conftest.cc:71:21: error: windows.h: No such file or directory
configure:28108: $? = 1
configure: failed program was:
| /* confdefs.h.  */
| 
| #define PACKAGE_NAME "CoinUtils"
| #define PACKAGE_TARNAME "coinutils"
| #define PACKAGE_VERSION "2.5.0"
| #define PACKAGE_STRING "CoinUtils 2.5.0"
| #define PACKAGE_BUGREPORT "http://projects.coin-or.org/CoinUtils"
| #define COIN_COINUTILS_VERBOSITY 0
| #define COIN_COINUTILS_CHECKLEVEL 0
| #ifdef __cplusplus
| extern "C" void std::exit (int); using std::exit;
| #endif
| #define PACKAGE "coinutils"
| #define VERSION "2.5.0"
| #define STDC_HEADERS 1
| #define HAVE_SYS_TYPES_H 1
| #define HAVE_SYS_STAT_H 1
| #define HAVE_STDLIB_H 1
| #define HAVE_STRING_H 1
| #define HAVE_MEMORY_H 1
| #define HAVE_STRINGS_H 1
| #define HAVE_INTTYPES_H 1
| #define HAVE_STDINT_H 1
| #define HAVE_UNISTD_H 1
| #define HAVE_DLFCN_H 1
| #define HAVE_CMATH 1
| #define HAVE_CFLOAT 1
| #define HAVE_CASSERT 1
| #define MY_C_FINITE finite
| #define MY_C_ISNAN std::isnan
| #define COINUTILS_MEMPOOL_MAXPOOLED -1
| #define HAVE_INTTYPES_H 1
| #define COIN_INT64_T int64_t
| #define COIN_UINT64_T int64_t
| #define COIN_INTPTR_T intptr_t
| /* end confdefs.h.  */
| #include <stdio.h>
| #if HAVE_SYS_TYPES_H
| # include <sys/types.h>
| #endif
| #if HAVE_SYS_STAT_H
| # include <sys/stat.h>
| #endif
| #if STDC_HEADERS
| # include <stdlib.h>
| # include <stddef.h>
| #else
| # if HAVE_STDLIB_H
| #  include <stdlib.h>
| # endif
| #endif
| #if HAVE_STRING_H
| # if !STDC_HEADERS && HAVE_MEMORY_H
| #  include <memory.h>
| # endif
| # include <string.h>
| #endif
| #if HAVE_STRINGS_H
| # include <strings.h>
| #endif
| #if HAVE_INTTYPES_H
| # include <inttypes.h>
| #else
| # if HAVE_STDINT_H
| #  include <stdint.h>
| # endif
| #endif
| #if HAVE_UNISTD_H
| # include <unistd.h>
| #endif
| #include <windows.h>
configure:28131: result: no
configure:28135: checking windows.h presence
configure:28145: g++ -E  conftest.cc
conftest.cc:37:21: error: windows.h: No such file or directory
configure:28151: $? = 1
configure: failed program was:
| /* confdefs.h.  */
| 
| #define PACKAGE_NAME "CoinUtils"
| #define PACKAGE_TARNAME "coinutils"
| #define PACKAGE_VERSION "2.5.0"
| #define PACKAGE_STRING "CoinUtils 2.5.0"
| #define PACKAGE_BUGREPORT "http://projects.coin-or.org/CoinUtils"
| #define COIN_COINUTILS_VERBOSITY 0
| #define COIN_COINUTILS_CHECKLEVEL 0
| #ifdef __cplusplus
| extern "C" void std::exit (int); using std::exit;
| #endif
| #define PACKAGE "coinutils"
| #define VERSION "2.5.0"
| #define STDC_HEADERS 1
| #define HAVE_SYS_TYPES_H 1
| #define HAVE_SYS_STAT_H 1
| #define HAVE_STDLIB_H 1
| #define HAVE_STRING_H 1
| #define HAVE_MEMORY_H 1
| #define HAVE_STRINGS_H 1
| #define HAVE_INTTYPES_H 1
| #define HAVE_STDINT_H 1
| #define HAVE_UNISTD_H 1
| #define HAVE_DLFCN_H 1
| #define HAVE_CMATH 1
| #define HAVE_CFLOAT 1
| #define HAVE_CASSERT 1
| #define MY_C_FINITE finite
| #define MY_C_ISNAN std::isnan
| #define COINUTILS_MEMPOOL_MAXPOOLED -1
| #define HAVE_INTTYPES_H 1
| #define COIN_INT64_T int64_t
| #define COIN_UINT64_T int64_t
| #define COIN_INTPTR_T intptr_t
| /* end confdefs.h.  */
| #include <windows.h>
configure:28171: result: no
configure:28206: checking for windows.h
configure:28213: result: no
configure:28231: checking for COIN project CoinUtils
configure:28286: result: .
configure:28311: checking if user provides library for Gmpl
configure:28356: result: no
configure:33402: checking which command should be used to link input files
configure:33412: result: ln -s
configure:33690: creating ./config.status

## ---------------------- ##
## Running config.status. ##
## ---------------------- ##

This file was extended by CoinUtils config.status 2.5.0, which was
generated by GNU Autoconf 2.59.  Invocation command line was

  CONFIG_FILES    = 
  CONFIG_HEADERS  = 
  CONFIG_LINKS    = 
  CONFIG_COMMANDS = 
  $ ./config.status 

on Turing-2.local

config.status:784: creating Makefile
config.status:784: creating src/Makefile
config.status:784: creating test/Makefile
config.status:784: creating coinutils_addlibs.txt
config.status:888: creating inc/config_coinutils.h
config.status:1202: executing depfiles commands
configure:35126: Configuration of CoinUtils successful

## ---------------- ##
## Cache variables. ##
## ---------------- ##

ac_cv_build=i386-apple-darwin9.8.0
ac_cv_build_alias=i386-apple-darwin9.8.0
ac_cv_c_compiler_gnu=yes
ac_cv_cxx_compiler_gnu=yes
ac_cv_env_ADD_CFLAGS_set=
ac_cv_env_ADD_CFLAGS_value=
ac_cv_env_ADD_CXXFLAGS_set=
ac_cv_env_ADD_CXXFLAGS_value=
ac_cv_env_ADD_FFLAGS_set=
ac_cv_env_ADD_FFLAGS_value=
ac_cv_env_CC_set=
ac_cv_env_CC_value=
ac_cv_env_CDEFS_set=
ac_cv_env_CDEFS_value=
ac_cv_env_CFLAGS_set=
ac_cv_env_CFLAGS_value=
ac_cv_env_CPPFLAGS_set=
ac_cv_env_CPPFLAGS_value=
ac_cv_env_CPP_set=
ac_cv_env_CPP_value=
ac_cv_env_CXXCPP_set=
ac_cv_env_CXXCPP_value=
ac_cv_env_CXXDEFS_set=
ac_cv_env_CXXDEFS_value=
ac_cv_env_CXXFLAGS_set=
ac_cv_env_CXXFLAGS_value=
ac_cv_env_CXX_set=
ac_cv_env_CXX_value=
ac_cv_env_DBG_CFLAGS_set=
ac_cv_env_DBG_CFLAGS_value=
ac_cv_env_DBG_CXXFLAGS_set=
ac_cv_env_DBG_CXXFLAGS_value=
ac_cv_env_DBG_FFLAGS_set=
ac_cv_env_DBG_FFLAGS_value=
ac_cv_env_F77_set=
ac_cv_env_F77_value=
ac_cv_env_FFLAGS_set=
ac_cv_env_FFLAGS_value=
ac_cv_env_LDFLAGS_set=
ac_cv_env_LDFLAGS_value=
ac_cv_env_MPICC_set=
ac_cv_env_MPICC_value=
ac_cv_env_MPICXX_set=
ac_cv_env_MPICXX_value=
ac_cv_env_MPIF77_set=
ac_cv_env_MPIF77_value=
ac_cv_env_OPT_CFLAGS_set=
ac_cv_env_OPT_CFLAGS_value=
ac_cv_env_OPT_CXXFLAGS_set=
ac_cv_env_OPT_CXXFLAGS_value=
ac_cv_env_OPT_FFLAGS_set=
ac_cv_env_OPT_FFLAGS_value=
ac_cv_env_build_alias_set=
ac_cv_env_build_alias_value=
ac_cv_env_host_alias_set=
ac_cv_env_host_alias_value=
ac_cv_env_target_alias_set=
ac_cv_env_target_alias_value=
ac_cv_exeext=
ac_cv_have_decl_finite=yes
ac_cv_have_decl_isnan=no
ac_cv_have_decl_std__isnan_42_42_=yes
ac_cv_header_cassert=yes
ac_cv_header_cfloat=yes
ac_cv_header_cieeefp=no
ac_cv_header_cinttypes=no
ac_cv_header_cmath=yes
ac_cv_header_ieeefp_h=no
ac_cv_header_inttypes_h=yes
ac_cv_header_windows_h=no
ac_cv_objext=o
ac_cv_path_install='/usr/bin/install -c'
ac_cv_prog_AWK=gawk
ac_cv_prog_ac_ct_CC=cc
ac_cv_prog_ac_ct_CXX=g++
ac_cv_prog_cc_g=yes
ac_cv_prog_cc_stdc=
ac_cv_prog_cxx_g=yes
ac_cv_prog_egrep='grep -E'
ac_cv_prog_make_make_set=yes
ac_cv_type_int64_t=yes
ac_cv_type_intptr_t=yes
am_cv_CC_dependencies_compiler_type=gcc3
am_cv_CXX_dependencies_compiler_type=gcc3

## ----------------- ##
## Output variables. ##
## ----------------- ##

ACLOCAL='${SHELL} /Users/dustin/Documents/Projects/sequence-mining/pboost-1.0/external/Osi-0.100.0/missing --run aclocal-1.9'
ADDLIBS='-lm '
ADD_CFLAGS=''
ADD_CXXFLAGS=''
ADD_FFLAGS=''
ALWAYS_FALSE_FALSE=''
ALWAYS_FALSE_TRUE='#'
AMDEPBACKSLASH='\'
AMDEP_FALSE='#'
AMDEP_TRUE=''
AMTAR='${SHELL} /Users/dustin/Documents/Projects/sequence-mining/pboost-1.0/external/Osi-0.100.0/missing --run tar'
AR='ar'
ASLLIB=''
ASL_CPPFLAGS=''
AUTOCONF='${SHELL} /Users/dustin/Documents/Projects/sequence-mining/pboost-1.0/external/Osi-0.100.0/missing --run autoconf'
AUTOHEADER='${SHELL} /Users/dustin/Documents/Projects/sequence-mining/pboost-1.0/external/Osi-0.100.0/missing --run autoheader'
AUTOMAKE='${SHELL} /Users/dustin/Documents/Projects/sequence-mining/pboost-1.0/external/Osi-0.100.0/missing --run automake-1.9'
AUX_DIR=''
AWK='gawk'
BUILDTOOLSDIR=''
CC='cc'
CCDEPMODE='depmode=gcc3'
CDEFS=''
CFLAGS='-O3 -fomit-frame-pointer -pipe -DNDEBUG -Wimplicit -Wparentheses -Wsequence-point -Wreturn-type -Wcast-qual -Wall -Wno-unknown-pragmas  '
COINUTILSDOCDIR='/Users/dustin/Documents/Projects/sequence-mining/pboost-1.0/external/Osi-0.100.0/lib/../share/doc/coin/CoinUtils'
COINUTILSOBJDIR='/Users/dustin/Documents/Projects/sequence-mining/pboost-1.0/external/Osi-0.100.0/CoinUtils/.'
COINUTILSSRCDIR='/Users/dustin/Documents/Projects/sequence-mining/pboost-1.0/external/Osi-0.100.0/CoinUtils'
COINUTILS_LIBADD=''
COIN_BUILD_BLAS_FALSE=''
COIN_BUILD_BLAS_TRUE='#'
COIN_BUILD_GLPK_FALSE=''
COIN_BUILD_GLPK_TRUE='#'
COIN_BUILD_LAPACK_FALSE=''
COIN_BUILD_LAPACK_TRUE='#'
COIN_HAS_ASL_FALSE=''
COIN_HAS_ASL_TRUE='#'
COIN_HAS_BLAS_FALSE=''
COIN_HAS_BLAS_TRUE='#'
COIN_HAS_COINUTILS_FALSE='#'
COIN_HAS_COINUTILS_TRUE=''
COIN_HAS_GMPL_FALSE=''
COIN_HAS_GMPL_TRUE='#'
COIN_HAS_LAPACK_FALSE=''
COIN_HAS_LAPACK_TRUE='#'
COIN_HAS_ZLIB_FALSE=''
COIN_HAS_ZLIB_TRUE='#'
CPP='cc -E'
CPPFLAGS=''
CXX='g++'
CXXCPP='g++ -E'
CXXDEFS=''
CXXDEPMODE='depmode=gcc3'
CXXFLAGS='-O3 -fomit-frame-pointer -pipe -DNDEBUG -Wimplicit -Wparentheses -Wreturn-type -Wcast-qual -Wall -Wpointer-arith -Wwrite-strings -Wconversion -Wno-unknown-pragmas  '
CYGPATH_W='echo'
DBG_CFLAGS='-g -pipe -Wimplicit -Wparentheses -Wsequence-point -Wreturn-type -Wcast-qual -Wall -Wno-unknown-pragmas  '
DBG_CXXFLAGS='-g -pipe -Wimplicit -Wparentheses -Wreturn-type -Wcast-qual -Wall -Wpointer-arith -Wwrite-strings -Wconversion -Wno-unknown-pragmas  '
DBG_FFLAGS=''
DEFS='-DHAVE_CONFIG_H'
DEPDIR='.deps'
ECHO='/bin/echo'
ECHO_C='ECHO_N=''
ECHO_T=''
EGREP='grep -E'
EXEEXT=''
F77='unavailable'
FADDLIBS='-lm '
FFLAGS=''
FLIBS=''
GMPLINCDIR=''
GMPLLIB=''
HAVE_EXTERNALS_FALSE=''
HAVE_EXTERNALS_TRUE='#'
INSTALL_DATA='${INSTALL} -m 644'
INSTALL_PROGRAM='${INSTALL}'
INSTALL_SCRIPT='${INSTALL}'
INSTALL_STRIP_PROGRAM='${SHELL} $(install_sh) -c -s'
LDFLAGS=''
LIBEXT='a'
LIBOBJS=''
LIBS=''
LIBTOOL='$(SHELL) $(top_builddir)/../libtool'
LIBTOOLM4=''
LN_S='ln -s'
LTLIBOBJS=''
LT_LDFLAGS=''
MAINT='#'
MAINTAINER_MODE_FALSE=''
MAINTAINER_MODE_TRUE='#'
MAKEINFO='${SHELL} /Users/dustin/Documents/Projects/sequence-mining/pboost-1.0/external/Osi-0.100.0/missing --run makeinfo'
MPICC=''
MPICXX=''
MPIF77=''
OBJEXT='o'
OPT_CFLAGS='-O3 -fomit-frame-pointer -pipe -DNDEBUG -Wimplicit -Wparentheses -Wsequence-point -Wreturn-type -Wcast-qual -Wall -Wno-unknown-pragmas  '
OPT_CXXFLAGS='-O3 -fomit-frame-pointer -pipe -DNDEBUG -Wimplicit -Wparentheses -Wreturn-type -Wcast-qual -Wall -Wpointer-arith -Wwrite-strings -Wconversion -Wno-unknown-pragmas  '
OPT_FFLAGS=''
PACKAGE='coinutils'
PACKAGE_BUGREPORT='http://projects.coin-or.org/CoinUtils'
PACKAGE_NAME='CoinUtils'
PACKAGE_STRING='CoinUtils 2.5.0'
PACKAGE_TARNAME='coinutils'
PACKAGE_VERSION='2.5.0'
PATH_SEPARATOR=':'
RANLIB='ranlib'
RPATH_FLAGS=''
SET_MAKE=''
SHELL='/bin/sh'
STRIP='strip'
VERSION='2.5.0'
VPATH_DISTCLEANFILES=''
abs_bin_dir='/Users/dustin/Documents/Projects/sequence-mining/pboost-1.0/external/Osi-0.100.0/bin'
abs_include_dir='/Users/dustin/Documents/Projects/sequence-mining/pboost-1.0/external/Osi-0.100.0/include'
abs_lib_dir='/Users/dustin/Documents/Projects/sequence-mining/pboost-1.0/external/Osi-0.100.0/lib'
abs_source_dir='/Users/dustin/Documents/Projects/sequence-mining/pboost-1.0/external/Osi-0.100.0/CoinUtils'
ac_c_preproc_warn_flag=''
ac_ct_AR='ar'
ac_ct_CC='cc'
ac_ct_CXX='g++'
ac_ct_F77=''
ac_ct_RANLIB='ranlib'
ac_ct_STRIP='strip'
ac_cxx_preproc_warn_flag=''
am__fastdepCC_FALSE='#'
am__fastdepCC_TRUE=''
am__fastdepCXX_FALSE='#'
am__fastdepCXX_TRUE=''
am__include='include'
am__leading_dot='.'
am__quote=''
am__tar='${AMTAR} chof - "$$tardir"'
am__untar='${AMTAR} xf -'
bindir='${exec_prefix}/bin'
build='i386-apple-darwin9.8.0'
build_alias=''
build_cpu='i386'
build_os='darwin9.8.0'
build_vendor='apple'
datadir='${prefix}/share'
exec_prefix='${prefix}'
have_autoconf=''
have_automake=''
have_svn=''
host='i386-apple-darwin9.8.0'
host_alias=''
host_cpu='i386'
host_os='darwin9.8.0'
host_vendor='apple'
includedir='${prefix}/include'
infodir='${prefix}/info'
install_sh='/Users/dustin/Documents/Projects/sequence-mining/pboost-1.0/external/Osi-0.100.0/install-sh'
libdir='${exec_prefix}/lib'
libexecdir='${exec_prefix}/libexec'
localstatedir='${prefix}/var'
mandir='${prefix}/man'
mkdir_p='$(install_sh) -d'
oldincludedir='/usr/include'
prefix='/Users/dustin/Documents/Projects/sequence-mining/pboost-1.0/external/Osi-0.100.0'
program_transform_name='s,x,x,'
sbindir='${exec_prefix}/sbin'
sharedstatedir='${prefix}/com'
sol_cc_compiler=''
sysconfdir='${prefix}/etc'
target_alias=''

## ----------- ##
## confdefs.h. ##
## ----------- ##

#define COINUTILS_MEMPOOL_MAXPOOLED -1
#define COIN_COINUTILS_CHECKLEVEL 0
#define COIN_COINUTILS_VERBOSITY 0
#define COIN_HAS_COINUTILS 1
#define COIN_INT64_T int64_t
#define COIN_INTPTR_T intptr_t
#define COIN_UINT64_T int64_t
#define HAVE_CASSERT 1
#define HAVE_CFLOAT 1
#define HAVE_CMATH 1
#define HAVE_DLFCN_H 1
#define HAVE_INTTYPES_H 1
#define HAVE_INTTYPES_H 1
#define HAVE_MEMORY_H 1
#define HAVE_STDINT_H 1
#define HAVE_STDLIB_H 1
#define HAVE_STRINGS_H 1
#define HAVE_STRING_H 1
#define HAVE_SYS_STAT_H 1
#define HAVE_SYS_TYPES_H 1
#define HAVE_UNISTD_H 1
#define MY_C_FINITE finite
#define MY_C_ISNAN std::isnan
#define PACKAGE "coinutils"
#define PACKAGE_BUGREPORT "http://projects.coin-or.org/CoinUtils"
#define PACKAGE_NAME "CoinUtils"
#define PACKAGE_STRING "CoinUtils 2.5.0"
#define PACKAGE_TARNAME "coinutils"
#define PACKAGE_VERSION "2.5.0"
#define STDC_HEADERS 1
#define VERSION "2.5.0"
#endif
#ifdef __cplusplus
extern "C" void std::exit (int); using std::exit;

configure: exit 0
